PSIBLAST 2.2.28+


Reference: Stephen F. Altschul, Thomas L. Madden, Alejandro A.
Schaffer, Jinghui Zhang, Zheng Zhang, Webb Miller, and David J.
Lipman (1997), "Gapped BLAST and PSI-BLAST: a new generation of
protein database search programs", Nucleic Acids Res. 25:3389-3402.


Reference for compositional score matrix adjustment: Stephen F.
Altschul, John C. Wootton, E. Michael Gertz, Richa Agarwala,
Aleksandr Morgulis, Alejandro A. Schaffer, and Yi-Kuo Yu (2005)
"Protein database searches using compositionally adjusted
substitution matrices", FEBS J. 272:5101-5109.


Reference for composition-based statistics starting in round 2:
Alejandro A. Schaffer, L. Aravind, Thomas L. Madden, Sergei
Shavirin, John L. Spouge, Yuri I. Wolf, Eugene V. Koonin, and
Stephen F. Altschul (2001), "Improving the accuracy of PSI-BLAST
protein database searches with composition-based statistics and
other refinements", Nucleic Acids Res. 29:2994-3005.



Database: All non-redundant GenBank CDS translations+PDB+SwissProt+PIR+PRF
excluding environmental samples from WGS projects
           35,099,569 sequences; 12,354,844,215 total letters

Results from round 1


Query= 1ACW-A

Length=29
                                                                      Score     E
Sequences producing significant alignments:                          (Bits)  Value

sp|P56215.1|KAX81_ANDMA  RecName: Full=Potassium channel toxin al...  59.3    7e-11
gb|ACJ23140.1|  putative potassium channel toxin Tx203 [Buthus oc...  58.5    2e-10
sp|P80670.1|KAX83_LEIQH  RecName: Full=Toxin GaTx2; AltName: Full...  56.6    6e-10
sp|P0CC12.1|KAX85_ODODO  RecName: Full=Potassium channel toxin al...  55.1    3e-09
sp|P80671.1|KAX84_LEIQH  RecName: Full=Potassium channel toxin al...  54.7    4e-09
gb|AAF24057.1|AF114024_1  neurotoxin P01 [Mesobuthus martensii] >...  54.3    9e-09
sp|Q9U8D2.1|KAX82_MESMA  RecName: Full=Potassium channel toxin al...  53.9    1e-08
gb|ADY39486.1|  gamma-buthitoxin-Hj1a [Hottentotta judaicus]          52.4    4e-08
gb|ABR20125.1|  venom K-toxin [Mesobuthus eupeus]                     52.4    5e-08
gb|ABR21060.1|  venom K-channel toxin [Mesobuthus eupeus]             51.6    8e-08
pdb|1WM7|A  Chain A, Solution Structure Of Bmp01 From The Venom O...  51.2    9e-08
sp|P86400.1|KTX81_BUTEU  RecName: Full=Toxin MeuKTx-1                 49.7    4e-07
sp|P80669.1|KAX93_LEIQH  RecName: Full=Potassium channel toxin al...  30.4    5.5  


>sp|P56215.1|KAX81_ANDMA RecName: Full=Potassium channel toxin alpha-KTx 8.1; AltName: 
Full=AmP01; AltName: Full=Neurotoxin P01
 pdb|1ACW|A Chain A, Solution Nmr Structure Of P01, A Natural Scorpion Peptide 
Structurally Analogous To Scorpion Toxins Specific For 
Apamin-Sensitive Potassium Channel, 25 Structures
 gb|AAB46779.1| P01=apamin-sensitive potassium channel neurotoxin P05 homolog 
[Androctonus mauretanicus=North African scorpions, mauretanicus, 
venom, Peptide, 29 aa]
Length=29

 Score = 59.3 bits (142),  Expect = 7e-11, Method: Compositional matrix adjust.
 Identities = 29/29 (100%), Positives = 29/29 (100%), Gaps = 0/29 (0%)

Query  1   VSCEDCPEHCSTQKAQAKCDNDKCVCEPI  29
           VSCEDCPEHCSTQKAQAKCDNDKCVCEPI
Sbjct  1   VSCEDCPEHCSTQKAQAKCDNDKCVCEPI  29


>gb|ACJ23140.1| putative potassium channel toxin Tx203 [Buthus occitanus israelis]
Length=57

 Score = 58.5 bits (140),  Expect = 2e-10, Method: Compositional matrix adjust.
 Identities = 27/29 (93%), Positives = 28/29 (97%), Gaps = 0/29 (0%)

Query  1   VSCEDCPEHCSTQKAQAKCDNDKCVCEPI  29
           VSCEDCPEHCSTQKA+AKCDNDKCVCE I
Sbjct  29  VSCEDCPEHCSTQKARAKCDNDKCVCEAI  57


>sp|P80670.1|KAX83_LEIQH RecName: Full=Toxin GaTx2; AltName: Full=Gating modifier of anion 
channels 2; AltName: Full=Leiuropeptide II; Short=LpII; 
AltName: Full=Leiuropeptide-2; AltName: Full=Potassium channel 
toxin alpha-KTx 8.3
Length=29

 Score = 56.6 bits (135),  Expect = 6e-10, Method: Compositional matrix adjust.
 Identities = 27/29 (93%), Positives = 29/29 (100%), Gaps = 0/29 (0%)

Query  1   VSCEDCPEHCSTQKAQAKCDNDKCVCEPI  29
           VSCEDCP+HCSTQKA+AKCDNDKCVCEPI
Sbjct  1   VSCEDCPDHCSTQKARAKCDNDKCVCEPI  29


>sp|P0CC12.1|KAX85_ODODO RecName: Full=Potassium channel toxin alpha-KTx 8.5; AltName: 
Full=OdK1
Length=29

 Score = 55.1 bits (131),  Expect = 3e-09, Method: Compositional matrix adjust.
 Identities = 26/29 (90%), Positives = 28/29 (97%), Gaps = 0/29 (0%)

Query  1   VSCEDCPEHCSTQKAQAKCDNDKCVCEPI  29
           VSCEDCPEHCSTQKA+AKCDNDKCVCE +
Sbjct  1   VSCEDCPEHCSTQKARAKCDNDKCVCESV  29


>sp|P80671.1|KAX84_LEIQH RecName: Full=Potassium channel toxin alpha-KTx 8.4; AltName: 
Full=Leiuropeptide III; Short=LpIII; AltName: Full=Leiuropeptide-3
Length=29

 Score = 54.7 bits (130),  Expect = 4e-09, Method: Compositional matrix adjust.
 Identities = 26/28 (93%), Positives = 28/28 (100%), Gaps = 0/28 (0%)

Query  1   VSCEDCPEHCSTQKAQAKCDNDKCVCEP  28
           VSCEDCP+HCSTQKA+AKCDNDKCVCEP
Sbjct  1   VSCEDCPDHCSTQKARAKCDNDKCVCEP  28


>gb|AAF24057.1|AF114024_1 neurotoxin P01 [Mesobuthus martensii]
 gb|AAP33621.1|AF153694_1 putative apamin-sensitive potassium channel inhibitor precursor 
[Mesobuthus martensii]
Length=57

 Score = 54.3 bits (129),  Expect = 9e-09, Method: Compositional matrix adjust.
 Identities = 23/27 (85%), Positives = 26/27 (96%), Gaps = 0/27 (0%)

Query  2   SCEDCPEHCSTQKAQAKCDNDKCVCEP  28
           +CEDCPEHC+TQ A+AKCDNDKCVCEP
Sbjct  30  TCEDCPEHCATQNARAKCDNDKCVCEP  56


>sp|Q9U8D2.1|KAX82_MESMA RecName: Full=Potassium channel toxin alpha-KTx 8.2; AltName: 
Full=Neurotoxin BmP01; AltName: Full=Potassium ion channel 
blocker P01; Flags: Precursor
 gb|AAF03045.1|AF095781_1 toxin BmP01 precursor [Mesobuthus martensii]
Length=57

 Score = 53.9 bits (128),  Expect = 1e-08, Method: Compositional matrix adjust.
 Identities = 23/27 (85%), Positives = 26/27 (96%), Gaps = 0/27 (0%)

Query  2   SCEDCPEHCSTQKAQAKCDNDKCVCEP  28
           +CEDCPEHC+TQ A+AKCDNDKCVCEP
Sbjct  30  TCEDCPEHCATQNARAKCDNDKCVCEP  56


>gb|ADY39486.1| gamma-buthitoxin-Hj1a [Hottentotta judaicus]
Length=59

 Score = 52.4 bits (124),  Expect = 4e-08, Method: Compositional matrix adjust.
 Identities = 23/28 (82%), Positives = 25/28 (89%), Gaps = 0/28 (0%)

Query  1   VSCEDCPEHCSTQKAQAKCDNDKCVCEP  28
           V CEDCPEHCS Q A+AKC+NDKCVCEP
Sbjct  31  VGCEDCPEHCSQQNARAKCENDKCVCEP  58


>gb|ABR20125.1| venom K-toxin [Mesobuthus eupeus]
Length=57

 Score = 52.4 bits (124),  Expect = 5e-08, Method: Compositional matrix adjust.
 Identities = 23/28 (82%), Positives = 26/28 (93%), Gaps = 0/28 (0%)

Query  1   VSCEDCPEHCSTQKAQAKCDNDKCVCEP  28
           VSCEDCPEHC+T+  +AKCDNDKCVCEP
Sbjct  29  VSCEDCPEHCATKDQRAKCDNDKCVCEP  56


>gb|ABR21060.1| venom K-channel toxin [Mesobuthus eupeus]
Length=57

 Score = 51.6 bits (122),  Expect = 8e-08, Method: Compositional matrix adjust.
 Identities = 22/28 (79%), Positives = 26/28 (93%), Gaps = 0/28 (0%)

Query  1   VSCEDCPEHCSTQKAQAKCDNDKCVCEP  28
           VSCEDCPEHC+T+  +AKCDND+CVCEP
Sbjct  29  VSCEDCPEHCATKDQRAKCDNDRCVCEP  56


>pdb|1WM7|A Chain A, Solution Structure Of Bmp01 From The Venom Of Scorpion 
Buthus Martensii Karsch, 9 Structures
Length=29

 Score = 51.2 bits (121),  Expect = 9e-08, Method: Compositional matrix adjust.
 Identities = 23/28 (82%), Positives = 26/28 (93%), Gaps = 0/28 (0%)

Query  1   VSCEDCPEHCSTQKAQAKCDNDKCVCEP  28
            +CEDCPEHC+TQ A+AKCDNDKCVCEP
Sbjct  1   ATCEDCPEHCATQNARAKCDNDKCVCEP  28


>sp|P86400.1|KTX81_BUTEU RecName: Full=Toxin MeuKTx-1
Length=29

 Score = 49.7 bits (117),  Expect = 4e-07, Method: Compositional matrix adjust.
 Identities = 23/28 (82%), Positives = 26/28 (93%), Gaps = 0/28 (0%)

Query  1   VSCEDCPEHCSTQKAQAKCDNDKCVCEP  28
           VSCEDCPEHC+T+  +AKCDNDKCVCEP
Sbjct  1   VSCEDCPEHCATKDQRAKCDNDKCVCEP  28


>sp|P80669.1|KAX93_LEIQH RecName: Full=Potassium channel toxin alpha-KTx 9.3; AltName: 
Full=Leiuropeptide I; Short=LpI; AltName: Full=Leiuropeptide-1
Length=28

 Score = 30.4 bits (67),  Expect = 5.5, Method: Compositional matrix adjust.
 Identities = 13/27 (48%), Positives = 16/27 (59%), Gaps = 0/27 (0%)

Query  1   VSCEDCPEHCSTQKAQAKCDNDKCVCE  27
           V CE+CP HC  + A+  CDN  C C 
Sbjct  1   VGCEECPMHCKGKNAKPTCDNGVCNCN  27



Lambda      K        H        a         alpha
   0.319    0.130    0.467    0.792     4.96 

Gapped
Lambda      K        H        a         alpha    sigma
   0.267   0.0410    0.140     1.90     42.6     43.6 

Effective search space used: 305361148475
Results from round 2


Query= 1ACW-A

Length=29
                                                                      Score     E
Sequences producing significant alignments:                          (Bits)  Value
Sequences used in model and found again:

gb|ACJ23140.1|  putative potassium channel toxin Tx203 [Buthus oc...  45.4    2e-05
gb|ADY39486.1|  gamma-buthitoxin-Hj1a [Hottentotta judaicus]          44.6    3e-05
gb|AAF24057.1|AF114024_1  neurotoxin P01 [Mesobuthus martensii] >...  44.3    4e-05
gb|ABR20125.1|  venom K-toxin [Mesobuthus eupeus]                     43.9    6e-05
gb|ABR21060.1|  venom K-channel toxin [Mesobuthus eupeus]             43.9    7e-05
sp|Q9U8D2.1|KAX82_MESMA  RecName: Full=Potassium channel toxin al...  43.5    8e-05
sp|P80670.1|KAX83_LEIQH  RecName: Full=Toxin GaTx2; AltName: Full...  38.5    0.005
sp|P56215.1|KAX81_ANDMA  RecName: Full=Potassium channel toxin al...  38.5    0.006
sp|P80671.1|KAX84_LEIQH  RecName: Full=Potassium channel toxin al...  37.7    0.010
sp|P0CC12.1|KAX85_ODODO  RecName: Full=Potassium channel toxin al...  37.7    0.012
pdb|1WM7|A  Chain A, Solution Structure Of Bmp01 From The Venom O...  36.9    0.022
sp|P86400.1|KTX81_BUTEU  RecName: Full=Toxin MeuKTx-1                 36.5    0.024

Sequences not found previously or not previously below threshold:

ref|XP_003422277.1|  PREDICTED: LOW QUALITY PROTEIN: tenascin-X-l...  33.9    2.6  
ref|XP_005696614.1|  PREDICTED: LOW QUALITY PROTEIN: tenascin-X [...  32.7    6.7  
ref|XP_005965531.1|  PREDICTED: LOW QUALITY PROTEIN: tenascin-X [...  31.9    9.9  


>gb|ACJ23140.1| putative potassium channel toxin Tx203 [Buthus occitanus israelis]
Length=57

 Score = 45.4 bits (106),  Expect = 2e-05, Method: Composition-based stats.
 Identities = 27/29 (93%), Positives = 28/29 (97%), Gaps = 0/29 (0%)

Query  1   VSCEDCPEHCSTQKAQAKCDNDKCVCEPI  29
           VSCEDCPEHCSTQKA+AKCDNDKCVCE I
Sbjct  29  VSCEDCPEHCSTQKARAKCDNDKCVCEAI  57


>gb|ADY39486.1| gamma-buthitoxin-Hj1a [Hottentotta judaicus]
Length=59

 Score = 44.6 bits (104),  Expect = 3e-05, Method: Composition-based stats.
 Identities = 23/28 (82%), Positives = 25/28 (89%), Gaps = 0/28 (0%)

Query  1   VSCEDCPEHCSTQKAQAKCDNDKCVCEP  28
           V CEDCPEHCS Q A+AKC+NDKCVCEP
Sbjct  31  VGCEDCPEHCSQQNARAKCENDKCVCEP  58


>gb|AAF24057.1|AF114024_1 neurotoxin P01 [Mesobuthus martensii]
 gb|AAP33621.1|AF153694_1 putative apamin-sensitive potassium channel inhibitor precursor 
[Mesobuthus martensii]
Length=57

 Score = 44.3 bits (103),  Expect = 4e-05, Method: Composition-based stats.
 Identities = 23/27 (85%), Positives = 26/27 (96%), Gaps = 0/27 (0%)

Query  2   SCEDCPEHCSTQKAQAKCDNDKCVCEP  28
           +CEDCPEHC+TQ A+AKCDNDKCVCEP
Sbjct  30  TCEDCPEHCATQNARAKCDNDKCVCEP  56


>gb|ABR20125.1| venom K-toxin [Mesobuthus eupeus]
Length=57

 Score = 43.9 bits (102),  Expect = 6e-05, Method: Composition-based stats.
 Identities = 23/28 (82%), Positives = 26/28 (93%), Gaps = 0/28 (0%)

Query  1   VSCEDCPEHCSTQKAQAKCDNDKCVCEP  28
           VSCEDCPEHC+T+  +AKCDNDKCVCEP
Sbjct  29  VSCEDCPEHCATKDQRAKCDNDKCVCEP  56


>gb|ABR21060.1| venom K-channel toxin [Mesobuthus eupeus]
Length=57

 Score = 43.9 bits (102),  Expect = 7e-05, Method: Composition-based stats.
 Identities = 22/28 (79%), Positives = 26/28 (93%), Gaps = 0/28 (0%)

Query  1   VSCEDCPEHCSTQKAQAKCDNDKCVCEP  28
           VSCEDCPEHC+T+  +AKCDND+CVCEP
Sbjct  29  VSCEDCPEHCATKDQRAKCDNDRCVCEP  56


>sp|Q9U8D2.1|KAX82_MESMA RecName: Full=Potassium channel toxin alpha-KTx 8.2; AltName: 
Full=Neurotoxin BmP01; AltName: Full=Potassium ion channel 
blocker P01; Flags: Precursor
 gb|AAF03045.1|AF095781_1 toxin BmP01 precursor [Mesobuthus martensii]
Length=57

 Score = 43.5 bits (101),  Expect = 8e-05, Method: Composition-based stats.
 Identities = 23/27 (85%), Positives = 26/27 (96%), Gaps = 0/27 (0%)

Query  2   SCEDCPEHCSTQKAQAKCDNDKCVCEP  28
           +CEDCPEHC+TQ A+AKCDNDKCVCEP
Sbjct  30  TCEDCPEHCATQNARAKCDNDKCVCEP  56


>sp|P80670.1|KAX83_LEIQH RecName: Full=Toxin GaTx2; AltName: Full=Gating modifier of anion 
channels 2; AltName: Full=Leiuropeptide II; Short=LpII; 
AltName: Full=Leiuropeptide-2; AltName: Full=Potassium channel 
toxin alpha-KTx 8.3
Length=29

 Score = 38.5 bits (88),  Expect = 0.005, Method: Composition-based stats.
 Identities = 27/29 (93%), Positives = 29/29 (100%), Gaps = 0/29 (0%)

Query  1   VSCEDCPEHCSTQKAQAKCDNDKCVCEPI  29
           VSCEDCP+HCSTQKA+AKCDNDKCVCEPI
Sbjct  1   VSCEDCPDHCSTQKARAKCDNDKCVCEPI  29


>sp|P56215.1|KAX81_ANDMA RecName: Full=Potassium channel toxin alpha-KTx 8.1; AltName: 
Full=AmP01; AltName: Full=Neurotoxin P01
 pdb|1ACW|A Chain A, Solution Nmr Structure Of P01, A Natural Scorpion Peptide 
Structurally Analogous To Scorpion Toxins Specific For 
Apamin-Sensitive Potassium Channel, 25 Structures
 gb|AAB46779.1| P01=apamin-sensitive potassium channel neurotoxin P05 homolog 
[Androctonus mauretanicus=North African scorpions, mauretanicus, 
venom, Peptide, 29 aa]
Length=29

 Score = 38.5 bits (88),  Expect = 0.006, Method: Composition-based stats.
 Identities = 29/29 (100%), Positives = 29/29 (100%), Gaps = 0/29 (0%)

Query  1   VSCEDCPEHCSTQKAQAKCDNDKCVCEPI  29
           VSCEDCPEHCSTQKAQAKCDNDKCVCEPI
Sbjct  1   VSCEDCPEHCSTQKAQAKCDNDKCVCEPI  29


>sp|P80671.1|KAX84_LEIQH RecName: Full=Potassium channel toxin alpha-KTx 8.4; AltName: 
Full=Leiuropeptide III; Short=LpIII; AltName: Full=Leiuropeptide-3
Length=29

 Score = 37.7 bits (86),  Expect = 0.010, Method: Composition-based stats.
 Identities = 26/28 (93%), Positives = 28/28 (100%), Gaps = 0/28 (0%)

Query  1   VSCEDCPEHCSTQKAQAKCDNDKCVCEP  28
           VSCEDCP+HCSTQKA+AKCDNDKCVCEP
Sbjct  1   VSCEDCPDHCSTQKARAKCDNDKCVCEP  28


>sp|P0CC12.1|KAX85_ODODO RecName: Full=Potassium channel toxin alpha-KTx 8.5; AltName: 
Full=OdK1
Length=29

 Score = 37.7 bits (86),  Expect = 0.012, Method: Composition-based stats.
 Identities = 26/29 (90%), Positives = 28/29 (97%), Gaps = 0/29 (0%)

Query  1   VSCEDCPEHCSTQKAQAKCDNDKCVCEPI  29
           VSCEDCPEHCSTQKA+AKCDNDKCVCE +
Sbjct  1   VSCEDCPEHCSTQKARAKCDNDKCVCESV  29


>pdb|1WM7|A Chain A, Solution Structure Of Bmp01 From The Venom Of Scorpion 
Buthus Martensii Karsch, 9 Structures
Length=29

 Score = 36.9 bits (84),  Expect = 0.022, Method: Composition-based stats.
 Identities = 23/27 (85%), Positives = 26/27 (96%), Gaps = 0/27 (0%)

Query  2   SCEDCPEHCSTQKAQAKCDNDKCVCEP  28
           +CEDCPEHC+TQ A+AKCDNDKCVCEP
Sbjct  2   TCEDCPEHCATQNARAKCDNDKCVCEP  28


>sp|P86400.1|KTX81_BUTEU RecName: Full=Toxin MeuKTx-1
Length=29

 Score = 36.5 bits (83),  Expect = 0.024, Method: Composition-based stats.
 Identities = 23/28 (82%), Positives = 26/28 (93%), Gaps = 0/28 (0%)

Query  1   VSCEDCPEHCSTQKAQAKCDNDKCVCEP  28
           VSCEDCPEHC+T+  +AKCDNDKCVCEP
Sbjct  1   VSCEDCPEHCATKDQRAKCDNDKCVCEP  28


>ref|XP_003422277.1| PREDICTED: LOW QUALITY PROTEIN: tenascin-X-like [Loxodonta africana]
Length=4055

 Score = 33.9 bits (76),  Expect = 2.6, Method: Composition-based stats.
 Identities = 11/27 (41%), Positives = 16/27 (59%), Gaps = 3/27 (11%)

Query  2    SCEDCPEHCSTQKAQAKCDNDKCVCEP  28
              + CP  CS    + +C+N +CVCEP
Sbjct  277  GVKSCPRGCSQ---RGRCENGRCVCEP  300


 Score = 32.3 bits (72),  Expect = 7.6, Method: Composition-based stats.
 Identities = 10/27 (37%), Positives = 16/27 (59%), Gaps = 3/27 (11%)

Query  2    SCEDCPEHCSTQKAQAKCDNDKCVCEP  28
              + CP  CS    + +C+N +CVC+P
Sbjct  308  GVKSCPRGCSQ---RGRCENGRCVCDP  331


>ref|XP_005696614.1| PREDICTED: LOW QUALITY PROTEIN: tenascin-X [Capra hircus]
Length=3805

 Score = 32.7 bits (73),  Expect = 6.7, Method: Composition-based stats.
 Identities = 10/27 (37%), Positives = 14/27 (52%), Gaps = 3/27 (11%)

Query  2    SCEDCPEHCSTQKAQAKCDNDKCVCEP  28
                CP  CS    + +C+N +CVC P
Sbjct  275  GVRSCPRDCSQ---RGRCENGRCVCNP  298


>ref|XP_005965531.1| PREDICTED: LOW QUALITY PROTEIN: tenascin-X [Pantholops hodgsonii]
Length=3870

 Score = 31.9 bits (71),  Expect = 9.9, Method: Composition-based stats.
 Identities = 10/27 (37%), Positives = 14/27 (52%), Gaps = 3/27 (11%)

Query  2    SCEDCPEHCSTQKAQAKCDNDKCVCEP  28
                CP  CS    + +C+N +CVC P
Sbjct  275  GVRSCPRDCSQ---RGRCENGRCVCNP  298



Lambda      K        H        a         alpha
   0.315    0.137    0.487    0.792     4.96 

Gapped
Lambda      K        H        a         alpha    sigma
   0.267   0.0417    0.140     1.90     42.6     43.6 

Effective search space used: 305361148475

Search has CONVERGED!


  Database: All non-redundant GenBank CDS translations+PDB+SwissProt+PIR+PRF
excluding environmental samples from WGS projects
    Posted date:  Dec 13, 2013  8:13 AM
  Number of letters in database: 12,354,844,215
  Number of sequences in database:  35,099,569



Matrix: BLOSUM62
Gap Penalties: Existence: 11, Extension: 1
Neighboring words threshold: 11
Window for multiple hits: 40
