PSIBLAST 2.2.28+


Reference: Stephen F. Altschul, Thomas L. Madden, Alejandro A.
Schaffer, Jinghui Zhang, Zheng Zhang, Webb Miller, and David J.
Lipman (1997), "Gapped BLAST and PSI-BLAST: a new generation of
protein database search programs", Nucleic Acids Res. 25:3389-3402.


Reference for compositional score matrix adjustment: Stephen F.
Altschul, John C. Wootton, E. Michael Gertz, Richa Agarwala,
Aleksandr Morgulis, Alejandro A. Schaffer, and Yi-Kuo Yu (2005)
"Protein database searches using compositionally adjusted
substitution matrices", FEBS J. 272:5101-5109.


Reference for composition-based statistics starting in round 2:
Alejandro A. Schaffer, L. Aravind, Thomas L. Madden, Sergei
Shavirin, John L. Spouge, Yuri I. Wolf, Eugene V. Koonin, and
Stephen F. Altschul (2001), "Improving the accuracy of PSI-BLAST
protein database searches with composition-based statistics and
other refinements", Nucleic Acids Res. 29:2994-3005.



Database: All non-redundant GenBank CDS translations+PDB+SwissProt+PIR+PRF
excluding environmental samples from WGS projects
           35,099,569 sequences; 12,354,844,215 total letters

Results from round 1


Query= 1ABZ-A

Length=38
                                                                      Score     E
Sequences producing significant alignments:                          (Bits)  Value

pdb|1ABZ|A  Chain A, Alpha-T-Alpha, A De Novo Designed Peptide, N...  74.3    2e-16


>pdb|1ABZ|A Chain A, Alpha-T-Alpha, A De Novo Designed Peptide, Nmr, 23 Structures
Length=40

 Score = 74.3 bits (181),  Expect = 2e-16, Method: Compositional matrix adjust.
 Identities = 38/38 (100%), Positives = 38/38 (100%), Gaps = 0/38 (0%)

Query  1   DWLKARVEQELQALEARGTDSNAELRAMEAKLKAEIQK  38
           DWLKARVEQELQALEARGTDSNAELRAMEAKLKAEIQK
Sbjct  2   DWLKARVEQELQALEARGTDSNAELRAMEAKLKAEIQK  39



Lambda      K        H        a         alpha
   0.308    0.121    0.315    0.792     4.96 

Gapped
Lambda      K        H        a         alpha    sigma
   0.267   0.0410    0.140     1.90     42.6     43.6 

Effective search space used: 310274884062
Results from round 2


Query= 1ABZ-A

Length=38
                                                                      Score     E
Sequences producing significant alignments:                          (Bits)  Value
Sequences used in model and found again:

pdb|1ABZ|A  Chain A, Alpha-T-Alpha, A De Novo Designed Peptide, N...  44.8    4e-05

Sequences not found previously or not previously below threshold:



>pdb|1ABZ|A Chain A, Alpha-T-Alpha, A De Novo Designed Peptide, Nmr, 23 Structures
Length=40

 Score = 44.8 bits (104),  Expect = 4e-05, Method: Composition-based stats.
 Identities = 38/38 (100%), Positives = 38/38 (100%), Gaps = 0/38 (0%)

Query  1   DWLKARVEQELQALEARGTDSNAELRAMEAKLKAEIQK  38
           DWLKARVEQELQALEARGTDSNAELRAMEAKLKAEIQK
Sbjct  2   DWLKARVEQELQALEARGTDSNAELRAMEAKLKAEIQK  39



Lambda      K        H        a         alpha
   0.308    0.121    0.315    0.792     4.96 

Gapped
Lambda      K        H        a         alpha    sigma
   0.267   0.0383    0.140     1.90     42.6     43.6 

Effective search space used: 310274884062

Search has CONVERGED!


  Database: All non-redundant GenBank CDS translations+PDB+SwissProt+PIR+PRF
excluding environmental samples from WGS projects
    Posted date:  Dec 13, 2013  8:13 AM
  Number of letters in database: 12,354,844,215
  Number of sequences in database:  35,099,569



Matrix: BLOSUM62
Gap Penalties: Existence: 11, Extension: 1
Neighboring words threshold: 11
Window for multiple hits: 40
